<?xml version="1.0" encoding="UTF-8"?>
<!-- Generated by org.testng.reporters.JUnitXMLReporter -->
<testsuite ignored="10" hostname="Godzilla-ASUSDesktop" failures="0" tests="6" name="eCommStore Test" time="742.198" errors="0" timestamp="2024-04-20T22:09:50 MDT">
  <testcase classname="com.eCommStore.testCases.Login_TC1" name="LoginPage_Test" time="62.345"/>
  <testcase classname="com.eCommStore.testCases.Login_TC2" name="LoginPage_Test" time="0.991"/>
  <testcase classname="com.eCommStore.testCases.addNewCustNotUseSrchBtn_TC3" name="addNewCustNotUseSrchBtn_Test" time="167.718"/>
  <testcase classname="com.eCommStore.testCases.addNewCustUseSrchBtn_TC4" name="addNewCustUseSrchBtn_Test" time="171.299"/>
  <testcase classname="com.eCommStore.testCases.addNewCustandEdit_TC5" name="addNewCustandEdit_Test" time="197.612"/>
  <testcase classname="com.eCommStore.testCases.downloadPrdCatalog_TC6" name="downloadPrdCatalog_Test" time="132.303"/>
  <testcase classname="com.eCommStore.base.BaseClass" name="@BeforeSuite loadConfig" time="0.0">
    <ignored/>
  </testcase> <!-- @BeforeSuite loadConfig -->
  <testcase classname="com.eCommStore.base.BaseClass" name="@AfterSuite aftersuite" time="0.0">
    <ignored/>
  </testcase> <!-- @AfterSuite aftersuite -->
  <testcase classname="com.eCommStore.base.BaseClass" name="@AfterSuite aftersuite" time="0.0">
    <ignored/>
  </testcase> <!-- @AfterSuite aftersuite -->
  <testcase classname="com.eCommStore.base.BaseClass" name="@BeforeSuite loadConfig" time="0.0">
    <ignored/>
  </testcase> <!-- @BeforeSuite loadConfig -->
  <testcase classname="com.eCommStore.base.BaseClass" name="@AfterSuite aftersuite" time="0.0">
    <ignored/>
  </testcase> <!-- @AfterSuite aftersuite -->
  <testcase classname="com.eCommStore.base.BaseClass" name="@BeforeSuite loadConfig" time="0.0">
    <ignored/>
  </testcase> <!-- @BeforeSuite loadConfig -->
  <testcase classname="com.eCommStore.base.BaseClass" name="@AfterSuite aftersuite" time="0.0">
    <ignored/>
  </testcase> <!-- @AfterSuite aftersuite -->
  <testcase classname="com.eCommStore.base.BaseClass" name="@BeforeSuite loadConfig" time="0.0">
    <ignored/>
  </testcase> <!-- @BeforeSuite loadConfig -->
  <testcase classname="com.eCommStore.base.BaseClass" name="@AfterSuite aftersuite" time="0.0">
    <ignored/>
  </testcase> <!-- @AfterSuite aftersuite -->
  <testcase classname="com.eCommStore.base.BaseClass" name="@BeforeSuite loadConfig" time="0.0">
    <ignored/>
  </testcase> <!-- @BeforeSuite loadConfig -->
</testsuite> <!-- eCommStore Test -->
