<?xml version="1.0" encoding="UTF-8"?>
<!-- Generated by org.testng.reporters.JUnitXMLReporter -->
<testsuite ignored="10" hostname="Godzilla-ASUSDesktop" failures="0" tests="6" name="eCommStore Test" time="744.663" errors="0" timestamp="2024-04-20T21:43:36 MDT">
  <testcase classname="com.eCommStore.testCases.Login_TC1" name="LoginPage_Test" time="62.55"/>
  <testcase classname="com.eCommStore.testCases.Login_TC2" name="LoginPage_Test" time="0.969"/>
  <testcase classname="com.eCommStore.testCases.addNewCustNotUseSrchBtn_TC3" name="addNewCustNotUseSrchBtn_Test" time="166.768"/>
  <testcase classname="com.eCommStore.testCases.addNewCustUseSrchBtn_TC4" name="addNewCustUseSrchBtn_Test" time="171.128"/>
  <testcase classname="com.eCommStore.testCases.addNewCustandEdit_TC5" name="addNewCustandEdit_Test" time="198.127"/>
  <testcase classname="com.eCommStore.testCases.downloadPrdCatalog_TC6" name="downloadPrdCatalog_Test" time="135.486"/>
  <testcase classname="com.eCommStore.base.BaseClass" name="@BeforeSuite loadConfig" time="0.0">
    <ignored/>
  </testcase> <!-- @BeforeSuite loadConfig -->
  <testcase classname="com.eCommStore.base.BaseClass" name="@AfterSuite aftersuite" time="0.0">
    <ignored/>
  </testcase> <!-- @AfterSuite aftersuite -->
  <testcase classname="com.eCommStore.base.BaseClass" name="@BeforeSuite loadConfig" time="0.0">
    <ignored/>
  </testcase> <!-- @BeforeSuite loadConfig -->
  <testcase classname="com.eCommStore.base.BaseClass" name="@AfterSuite aftersuite" time="0.0">
    <ignored/>
  </testcase> <!-- @AfterSuite aftersuite -->
  <testcase classname="com.eCommStore.base.BaseClass" name="@AfterSuite aftersuite" time="0.0">
    <ignored/>
  </testcase> <!-- @AfterSuite aftersuite -->
  <testcase classname="com.eCommStore.base.BaseClass" name="@AfterSuite aftersuite" time="0.0">
    <ignored/>
  </testcase> <!-- @AfterSuite aftersuite -->
  <testcase classname="com.eCommStore.base.BaseClass" name="@BeforeSuite loadConfig" time="0.0">
    <ignored/>
  </testcase> <!-- @BeforeSuite loadConfig -->
  <testcase classname="com.eCommStore.base.BaseClass" name="@BeforeSuite loadConfig" time="0.0">
    <ignored/>
  </testcase> <!-- @BeforeSuite loadConfig -->
  <testcase classname="com.eCommStore.base.BaseClass" name="@BeforeSuite loadConfig" time="0.0">
    <ignored/>
  </testcase> <!-- @BeforeSuite loadConfig -->
  <testcase classname="com.eCommStore.base.BaseClass" name="@AfterSuite aftersuite" time="0.0">
    <ignored/>
  </testcase> <!-- @AfterSuite aftersuite -->
</testsuite> <!-- eCommStore Test -->
