<?xml version="1.0" encoding="UTF-8"?>
<!-- Generated by org.testng.reporters.JUnitXMLReporter -->
<testsuite ignored="4" hostname="Godzilla-ASUSDesktop" failures="0" tests="3" name="eCommStore Customer Test" time="566.573" errors="0" timestamp="2024-03-05T12:01:38 MST">
  <testcase classname="com.eCommStore.testCases.addNewCustNotUseSrchBtn_TC3" name="addNewCustNotUseSrchBtn_Test" time="168.995"/>
  <testcase classname="com.eCommStore.testCases.addNewCustUseSrchBtn_TC4" name="addNewCustUseSrchBtn_Test" time="174.861"/>
  <testcase classname="com.eCommStore.testCases.addNewCustandEdit_TC5" name="addNewCustandEdit_Test" time="205.01"/>
  <testcase classname="com.eCommStore.base.BaseClass" name="@BeforeSuite loadConfig" time="0.0">
    <ignored/>
  </testcase> <!-- @BeforeSuite loadConfig -->
  <testcase classname="com.eCommStore.base.BaseClass" name="@AfterSuite aftersuite" time="0.0">
    <ignored/>
  </testcase> <!-- @AfterSuite aftersuite -->
  <testcase classname="com.eCommStore.base.BaseClass" name="@AfterSuite aftersuite" time="0.0">
    <ignored/>
  </testcase> <!-- @AfterSuite aftersuite -->
  <testcase classname="com.eCommStore.base.BaseClass" name="@BeforeSuite loadConfig" time="0.0">
    <ignored/>
  </testcase> <!-- @BeforeSuite loadConfig -->
</testsuite> <!-- eCommStore Customer Test -->
