<?xml version="1.0" encoding="UTF-8"?>
<testsuite xmlns:xsi="http://www.w3.org/2001/XMLSchema-instance" xsi:noNamespaceSchemaLocation="https://maven.apache.org/surefire/maven-surefire-plugin/xsd/surefire-test-report.xsd" name="TestSuite" time="743.119" tests="6" errors="0" skipped="0" failures="0">
  <properties>
[...]
</properties>
  <testcase name="LoginPage_Test" classname="com.eCommStore.testCases.Login_TC1" time="62.342"/>
  <testcase name="LoginPage_Test" classname="com.eCommStore.testCases.Login_TC2" time="0.991"/>
  <testcase name="addNewCustNotUseSrchBtn_Test" classname="com.eCommStore.testCases.addNewCustNotUseSrchBtn_TC3" time="167.718"/>
  <testcase name="addNewCustUseSrchBtn_Test" classname="com.eCommStore.testCases.addNewCustUseSrchBtn_TC4" time="171.299"/>
  <testcase name="addNewCustandEdit_Test" classname="com.eCommStore.testCases.addNewCustandEdit_TC5" time="197.611"/>
  <testcase name="downloadPrdCatalog_Test" classname="com.eCommStore.testCases.downloadPrdCatalog_TC6" time="132.303"/>
</testsuite>