<?xml version="1.0" encoding="UTF-8"?>
<testng-results ignored="10" total="16" passed="6" failed="0" skipped="0">
  <reporter-output>
  </reporter-output>
  <suite started-at="2024-04-20T21:57:27 MDT" name="RegressionSuite1" finished-at="2024-04-20T22:09:50 MDT" duration-ms="742198">
    <groups>
      <group name="Regression">
        <method signature="Login_TC1.LoginPage_Test()[pri:0, instance:com.eCommStore.testCases.Login_TC1@188715b5]" name="LoginPage_Test" class="com.eCommStore.testCases.Login_TC1"/>
        <method signature="Login_TC2.LoginPage_Test()[pri:0, instance:com.eCommStore.testCases.Login_TC2@20ce78ec]" name="LoginPage_Test" class="com.eCommStore.testCases.Login_TC2"/>
        <method signature="addNewCustNotUseSrchBtn_TC3.addNewCustNotUseSrchBtn_Test()[pri:0, instance:com.eCommStore.testCases.addNewCustNotUseSrchBtn_TC3@393671df]" name="addNewCustNotUseSrchBtn_Test" class="com.eCommStore.testCases.addNewCustNotUseSrchBtn_TC3"/>
        <method signature="addNewCustUseSrchBtn_TC4.addNewCustUseSrchBtn_Test()[pri:0, instance:com.eCommStore.testCases.addNewCustUseSrchBtn_TC4@56620197]" name="addNewCustUseSrchBtn_Test" class="com.eCommStore.testCases.addNewCustUseSrchBtn_TC4"/>
        <method signature="addNewCustandEdit_TC5.addNewCustandEdit_Test()[pri:0, instance:com.eCommStore.testCases.addNewCustandEdit_TC5@6eda5c9]" name="addNewCustandEdit_Test" class="com.eCommStore.testCases.addNewCustandEdit_TC5"/>
        <method signature="downloadPrdCatalog_TC6.downloadPrdCatalog_Test()[pri:0, instance:com.eCommStore.testCases.downloadPrdCatalog_TC6@55b7a4e0]" name="downloadPrdCatalog_Test" class="com.eCommStore.testCases.downloadPrdCatalog_TC6"/>
      </group> <!-- Regression -->
      <group name="Smoke">
        <method signature="Login_TC1.LoginPage_Test()[pri:0, instance:com.eCommStore.testCases.Login_TC1@188715b5]" name="LoginPage_Test" class="com.eCommStore.testCases.Login_TC1"/>
        <method signature="Login_TC2.LoginPage_Test()[pri:0, instance:com.eCommStore.testCases.Login_TC2@20ce78ec]" name="LoginPage_Test" class="com.eCommStore.testCases.Login_TC2"/>
      </group> <!-- Smoke -->
    </groups>
    <test started-at="2024-04-20T21:57:27 MDT" name="eCommStore Test" finished-at="2024-04-20T22:09:50 MDT" duration-ms="742198">
      <class name="com.eCommStore.testCases.addNewCustUseSrchBtn_TC4">
        <test-method is-config="true" signature="setup(java.lang.String)[pri:0, instance:com.eCommStore.testCases.addNewCustUseSrchBtn_TC4@56620197]" started-at="2024-04-20T22:01:24 MDT" name="setup" finished-at="2024-04-20T22:01:25 MDT" duration-ms="1546" status="PASS">
          <params>
            <param index="0">
              <value>
                <![CDATA[chrome]]>
              </value>
            </param>
          </params>
          <reporter-output>
          </reporter-output>
        </test-method> <!-- setup -->
        <test-method signature="addNewCustUseSrchBtn_Test()[pri:0, instance:com.eCommStore.testCases.addNewCustUseSrchBtn_TC4@56620197]" started-at="2024-04-20T22:01:25 MDT" name="addNewCustUseSrchBtn_Test" finished-at="2024-04-20T22:04:17 MDT" duration-ms="171299" status="PASS">
          <reporter-output>
          </reporter-output>
        </test-method> <!-- addNewCustUseSrchBtn_Test -->
        <test-method is-config="true" signature="tearDown(java.lang.String)[pri:0, instance:com.eCommStore.testCases.addNewCustUseSrchBtn_TC4@56620197]" started-at="2024-04-20T22:04:17 MDT" name="tearDown" finished-at="2024-04-20T22:04:17 MDT" duration-ms="0" status="PASS">
          <params>
            <param index="0">
              <value>
                <![CDATA[chrome]]>
              </value>
            </param>
          </params>
          <reporter-output>
          </reporter-output>
        </test-method> <!-- tearDown -->
      </class> <!-- com.eCommStore.testCases.addNewCustUseSrchBtn_TC4 -->
      <class name="com.eCommStore.testCases.downloadPrdCatalog_TC6">
        <test-method is-config="true" signature="setup(java.lang.String)[pri:0, instance:com.eCommStore.testCases.downloadPrdCatalog_TC6@55b7a4e0]" started-at="2024-04-20T22:07:36 MDT" name="setup" finished-at="2024-04-20T22:07:37 MDT" duration-ms="1251" status="PASS">
          <params>
            <param index="0">
              <value>
                <![CDATA[chrome]]>
              </value>
            </param>
          </params>
          <reporter-output>
          </reporter-output>
        </test-method> <!-- setup -->
        <test-method signature="downloadPrdCatalog_Test()[pri:0, instance:com.eCommStore.testCases.downloadPrdCatalog_TC6@55b7a4e0]" started-at="2024-04-20T22:07:37 MDT" name="downloadPrdCatalog_Test" finished-at="2024-04-20T22:09:49 MDT" duration-ms="132303" status="PASS">
          <reporter-output>
          </reporter-output>
        </test-method> <!-- downloadPrdCatalog_Test -->
        <test-method is-config="true" signature="tearDown(java.lang.String)[pri:0, instance:com.eCommStore.testCases.downloadPrdCatalog_TC6@55b7a4e0]" started-at="2024-04-20T22:09:49 MDT" name="tearDown" finished-at="2024-04-20T22:09:50 MDT" duration-ms="125" status="PASS">
          <params>
            <param index="0">
              <value>
                <![CDATA[chrome]]>
              </value>
            </param>
          </params>
          <reporter-output>
          </reporter-output>
        </test-method> <!-- tearDown -->
      </class> <!-- com.eCommStore.testCases.downloadPrdCatalog_TC6 -->
      <class name="com.eCommStore.testCases.addNewCustandEdit_TC5">
        <test-method is-config="true" signature="setup(java.lang.String)[pri:0, instance:com.eCommStore.testCases.addNewCustandEdit_TC5@6eda5c9]" started-at="2024-04-20T22:04:17 MDT" name="setup" finished-at="2024-04-20T22:04:18 MDT" duration-ms="1519" status="PASS">
          <params>
            <param index="0">
              <value>
                <![CDATA[chrome]]>
              </value>
            </param>
          </params>
          <reporter-output>
          </reporter-output>
        </test-method> <!-- setup -->
        <test-method signature="addNewCustandEdit_Test()[pri:0, instance:com.eCommStore.testCases.addNewCustandEdit_TC5@6eda5c9]" started-at="2024-04-20T22:04:18 MDT" name="addNewCustandEdit_Test" finished-at="2024-04-20T22:07:36 MDT" duration-ms="197612" status="PASS">
          <reporter-output>
          </reporter-output>
        </test-method> <!-- addNewCustandEdit_Test -->
        <test-method is-config="true" signature="tearDown(java.lang.String)[pri:0, instance:com.eCommStore.testCases.addNewCustandEdit_TC5@6eda5c9]" started-at="2024-04-20T22:07:36 MDT" name="tearDown" finished-at="2024-04-20T22:07:36 MDT" duration-ms="0" status="PASS">
          <params>
            <param index="0">
              <value>
                <![CDATA[chrome]]>
              </value>
            </param>
          </params>
          <reporter-output>
          </reporter-output>
        </test-method> <!-- tearDown -->
      </class> <!-- com.eCommStore.testCases.addNewCustandEdit_TC5 -->
      <class name="com.eCommStore.testCases.addNewCustNotUseSrchBtn_TC3">
        <test-method is-config="true" signature="setup(java.lang.String)[pri:0, instance:com.eCommStore.testCases.addNewCustNotUseSrchBtn_TC3@393671df]" started-at="2024-04-20T21:58:35 MDT" name="setup" finished-at="2024-04-20T21:58:36 MDT" duration-ms="1641" status="PASS">
          <params>
            <param index="0">
              <value>
                <![CDATA[chrome]]>
              </value>
            </param>
          </params>
          <reporter-output>
          </reporter-output>
        </test-method> <!-- setup -->
        <test-method signature="addNewCustNotUseSrchBtn_Test()[pri:0, instance:com.eCommStore.testCases.addNewCustNotUseSrchBtn_TC3@393671df]" started-at="2024-04-20T21:58:36 MDT" name="addNewCustNotUseSrchBtn_Test" finished-at="2024-04-20T22:01:24 MDT" duration-ms="167718" status="PASS">
          <reporter-output>
          </reporter-output>
        </test-method> <!-- addNewCustNotUseSrchBtn_Test -->
        <test-method is-config="true" signature="tearDown(java.lang.String)[pri:0, instance:com.eCommStore.testCases.addNewCustNotUseSrchBtn_TC3@393671df]" started-at="2024-04-20T22:01:24 MDT" name="tearDown" finished-at="2024-04-20T22:01:24 MDT" duration-ms="0" status="PASS">
          <params>
            <param index="0">
              <value>
                <![CDATA[chrome]]>
              </value>
            </param>
          </params>
          <reporter-output>
          </reporter-output>
        </test-method> <!-- tearDown -->
      </class> <!-- com.eCommStore.testCases.addNewCustNotUseSrchBtn_TC3 -->
      <class name="com.eCommStore.testCases.Login_TC1">
        <test-method is-config="true" signature="loadConfig()[pri:0, instance:com.eCommStore.testCases.Login_TC1@188715b5]" started-at="2024-04-20T21:57:27 MDT" name="loadConfig" finished-at="2024-04-20T21:57:27 MDT" duration-ms="119" status="PASS">
          <reporter-output>
          </reporter-output>
        </test-method> <!-- loadConfig -->
        <test-method is-config="true" signature="setup(java.lang.String)[pri:0, instance:com.eCommStore.testCases.Login_TC1@188715b5]" started-at="2024-04-20T21:57:27 MDT" name="setup" finished-at="2024-04-20T21:57:30 MDT" duration-ms="2188" status="PASS">
          <params>
            <param index="0">
              <value>
                <![CDATA[chrome]]>
              </value>
            </param>
          </params>
          <reporter-output>
          </reporter-output>
        </test-method> <!-- setup -->
        <test-method signature="LoginPage_Test()[pri:0, instance:com.eCommStore.testCases.Login_TC1@188715b5]" started-at="2024-04-20T21:57:30 MDT" name="LoginPage_Test" finished-at="2024-04-20T21:58:32 MDT" duration-ms="62345" status="PASS">
          <reporter-output>
          </reporter-output>
        </test-method> <!-- LoginPage_Test -->
        <test-method is-config="true" signature="tearDown(java.lang.String)[pri:0, instance:com.eCommStore.testCases.Login_TC1@188715b5]" started-at="2024-04-20T21:58:32 MDT" name="tearDown" finished-at="2024-04-20T21:58:32 MDT" duration-ms="141" status="PASS">
          <params>
            <param index="0">
              <value>
                <![CDATA[chrome]]>
              </value>
            </param>
          </params>
          <reporter-output>
          </reporter-output>
        </test-method> <!-- tearDown -->
        <test-method is-config="true" signature="aftersuite()[pri:0, instance:com.eCommStore.testCases.Login_TC1@188715b5]" started-at="2024-04-20T22:09:50 MDT" name="aftersuite" finished-at="2024-04-20T22:09:50 MDT" duration-ms="16" status="PASS">
          <reporter-output>
          </reporter-output>
        </test-method> <!-- aftersuite -->
      </class> <!-- com.eCommStore.testCases.Login_TC1 -->
      <class name="com.eCommStore.testCases.Login_TC2">
        <test-method is-config="true" signature="setup(java.lang.String)[pri:0, instance:com.eCommStore.testCases.Login_TC2@20ce78ec]" started-at="2024-04-20T21:58:32 MDT" name="setup" finished-at="2024-04-20T21:58:34 MDT" duration-ms="1430" status="PASS">
          <params>
            <param index="0">
              <value>
                <![CDATA[chrome]]>
              </value>
            </param>
          </params>
          <reporter-output>
          </reporter-output>
        </test-method> <!-- setup -->
        <test-method signature="LoginPage_Test()[pri:0, instance:com.eCommStore.testCases.Login_TC2@20ce78ec]" started-at="2024-04-20T21:58:34 MDT" name="LoginPage_Test" finished-at="2024-04-20T21:58:35 MDT" duration-ms="991" status="PASS">
          <reporter-output>
          </reporter-output>
        </test-method> <!-- LoginPage_Test -->
        <test-method is-config="true" signature="tearDown(java.lang.String)[pri:0, instance:com.eCommStore.testCases.Login_TC2@20ce78ec]" started-at="2024-04-20T21:58:35 MDT" name="tearDown" finished-at="2024-04-20T21:58:35 MDT" duration-ms="0" status="PASS">
          <params>
            <param index="0">
              <value>
                <![CDATA[chrome]]>
              </value>
            </param>
          </params>
          <reporter-output>
          </reporter-output>
        </test-method> <!-- tearDown -->
      </class> <!-- com.eCommStore.testCases.Login_TC2 -->
    </test> <!-- eCommStore Test -->
  </suite> <!-- RegressionSuite1 -->
</testng-results>
